# JRE version: OpenJDK Runtime Environment (21.0.4) (build 21.0.4+-12508038-b607.1)
# Java VM: OpenJDK 64-Bit Server VM (21.0.4+-12508038-b607.1, mixed mode, tiered, compressed oops, compressed class ptrs, g1 gc, windows-amd64)
GC Precious Log:
 CardTable entry size: 512
 Card Set container configuration: InlinePtr #cards 5 size 8 Array Of Cards #cards 12 size 40 Howl #buckets 4 coarsen threshold 1843 Howl Bitmap #cards 512 size 80 coarsen threshold 460 Card regions per heap region 1 cards per card region 2048
 CPUs: 8 total, 8 available
 Memory: 16167M
 Large Page Support: Disabled
 NUMA Support: Disabled
 Compressed Oops: Enabled (32-bit)
 Heap Region Size: 1M
 Heap Min Capacity: 8M
 Heap Initial Capacity: 254M
 Heap Max Capacity: 2G
 Pre-touch: Disabled
 Parallel Workers: 8
 Concurrent Workers: 2
 Concurrent Refinement Workers: 8
 Periodic GC: Disabled
Heap:
 garbage-first heap   total 495616K, used 292037K [0x0000000080000000, 0x0000000100000000)
  region size 1024K, 4 young (4096K), 4 survivors (4096K)
 Metaspace       used 163897K, committed 165184K, reserved 1245184K
  class space    used 21002K, committed 21696K, reserved 1048576K
GC Heap History (20 events):
Event: 4539.947 GC heap after
{Heap after GC invocations=71 (full 0):
 garbage-first heap   total 382976K, used 139927K [0x0000000080000000, 0x0000000100000000)
  region size 1024K, 15 young (15360K), 15 survivors (15360K)
 Metaspace       used 146749K, committed 152128K, reserved 1245184K
  class space    used 18442K, committed 20416K, reserved 1048576K
}
Event: 4540.101 GC heap before
{Heap before GC invocations=71 (full 0):
 garbage-first heap   total 382976K, used 335511K [0x0000000080000000, 0x0000000100000000)
  region size 1024K, 207 young (211968K), 15 survivors (15360K)
 Metaspace       used 146750K, committed 152128K, reserved 1245184K
  class space    used 18442K, committed 20416K, reserved 1048576K
}
Event: 4540.114 GC heap after
{Heap after GC invocations=72 (full 0):
 garbage-first heap   total 382976K, used 136402K [0x0000000080000000, 0x0000000100000000)
  region size 1024K, 10 young (10240K), 10 survivors (10240K)
 Metaspace       used 146750K, committed 152128K, reserved 1245184K
  class space    used 18442K, committed 20416K, reserved 1048576K
}
Event: 4540.620 GC heap before
{Heap before GC invocations=72 (full 0):
 garbage-first heap   total 382976K, used 342226K [0x0000000080000000, 0x0000000100000000)
  region size 1024K, 212 young (217088K), 10 survivors (10240K)
 Metaspace       used 147601K, committed 152128K, reserved 1245184K
  class space    used 18567K, committed 20416K, reserved 1048576K
}
Event: 4540.627 GC heap after
{Heap after GC invocations=73 (full 0):
 garbage-first heap   total 382976K, used 142198K [0x0000000080000000, 0x0000000100000000)
  region size 1024K, 15 young (15360K), 15 survivors (15360K)
 Metaspace       used 147601K, committed 152128K, reserved 1245184K
  class space    used 18567K, committed 20416K, reserved 1048576K
}
Event: 4541.187 GC heap before
{Heap before GC invocations=74 (full 0):
 garbage-first heap   total 382976K, used 345974K [0x0000000080000000, 0x0000000100000000)
  region size 1024K, 215 young (220160K), 15 survivors (15360K)
 Metaspace       used 152142K, committed 153856K, reserved 1245184K
  class space    used 19224K, committed 20416K, reserved 1048576K
}
Event: 4541.208 GC heap after
{Heap after GC invocations=75 (full 0):
 garbage-first heap   total 398336K, used 177660K [0x0000000080000000, 0x0000000100000000)
  region size 1024K, 27 young (27648K), 27 survivors (27648K)
 Metaspace       used 152142K, committed 153856K, reserved 1245184K
  class space    used 19224K, committed 20416K, reserved 1048576K
}
Event: 4541.548 GC heap before
{Heap before GC invocations=75 (full 0):
 garbage-first heap   total 398336K, used 348668K [0x0000000080000000, 0x0000000100000000)
  region size 1024K, 195 young (199680K), 27 survivors (27648K)
 Metaspace       used 154726K, committed 156288K, reserved 1245184K
  class space    used 19664K, committed 20672K, reserved 1048576K
}
Event: 4541.582 GC heap after
{Heap after GC invocations=76 (full 0):
 garbage-first heap   total 482304K, used 198656K [0x0000000080000000, 0x0000000100000000)
  region size 1024K, 25 young (25600K), 25 survivors (25600K)
 Metaspace       used 154726K, committed 156288K, reserved 1245184K
  class space    used 19664K, committed 20672K, reserved 1048576K
}
Event: 4541.973 GC heap before
{Heap before GC invocations=76 (full 0):
 garbage-first heap   total 482304K, used 410624K [0x0000000080000000, 0x0000000100000000)
  region size 1024K, 233 young (238592K), 25 survivors (25600K)
 Metaspace       used 157410K, committed 158720K, reserved 1245184K
  class space    used 20071K, committed 20864K, reserved 1048576K
}
Event: 4542.008 GC heap after
{Heap after GC invocations=77 (full 0):
 garbage-first heap   total 484352K, used 245760K [0x0000000080000000, 0x0000000100000000)
  region size 1024K, 30 young (30720K), 30 survivors (30720K)
 Metaspace       used 157410K, committed 158720K, reserved 1245184K
  class space    used 20071K, committed 20864K, reserved 1048576K
}
Event: 4542.248 GC heap before
{Heap before GC invocations=78 (full 0):
 garbage-first heap   total 484352K, used 414720K [0x0000000080000000, 0x0000000100000000)
  region size 1024K, 195 young (199680K), 30 survivors (30720K)
 Metaspace       used 158008K, committed 159360K, reserved 1245184K
  class space    used 20180K, committed 20992K, reserved 1048576K
}
Event: 4542.277 GC heap after
{Heap after GC invocations=79 (full 0):
 garbage-first heap   total 484352K, used 282624K [0x0000000080000000, 0x0000000100000000)
  region size 1024K, 25 young (25600K), 25 survivors (25600K)
 Metaspace       used 158008K, committed 159360K, reserved 1245184K
  class space    used 20180K, committed 20992K, reserved 1048576K
}
Event: 4542.707 GC heap before
{Heap before GC invocations=79 (full 0):
 garbage-first heap   total 484352K, used 420864K [0x0000000080000000, 0x0000000100000000)
  region size 1024K, 161 young (164864K), 25 survivors (25600K)
 Metaspace       used 162593K, committed 163840K, reserved 1245184K
  class space    used 20894K, committed 21632K, reserved 1048576K
}
Event: 4542.736 GC heap after
{Heap after GC invocations=80 (full 0):
 garbage-first heap   total 484352K, used 294912K [0x0000000080000000, 0x0000000100000000)
  region size 1024K, 15 young (15360K), 15 survivors (15360K)
 Metaspace       used 162593K, committed 163840K, reserved 1245184K
  class space    used 20894K, committed 21632K, reserved 1048576K
}
Event: 4543.068 GC heap before
{Heap before GC invocations=80 (full 0):
 garbage-first heap   total 484352K, used 429056K [0x0000000080000000, 0x0000000100000000)
  region size 1024K, 146 young (149504K), 15 survivors (15360K)
 Metaspace       used 163381K, committed 164672K, reserved 1245184K
  class space    used 20955K, committed 21696K, reserved 1048576K
}
Event: 4543.078 GC heap after
{Heap after GC invocations=81 (full 0):
 garbage-first heap   total 484352K, used 296745K [0x0000000080000000, 0x0000000100000000)
  region size 1024K, 3 young (3072K), 3 survivors (3072K)
 Metaspace       used 163381K, committed 164672K, reserved 1245184K
  class space    used 20955K, committed 21696K, reserved 1048576K
}
Event: 4543.528 GC heap before
{Heap before GC invocations=82 (full 0):
 garbage-first heap   total 495616K, used 437033K [0x0000000080000000, 0x0000000100000000)
  region size 1024K, 140 young (143360K), 3 survivors (3072K)
 Metaspace       used 163811K, committed 165056K, reserved 1245184K
  class space    used 20991K, committed 21696K, reserved 1048576K
}
Event: 4543.531 GC heap after
{Heap after GC invocations=83 (full 0):
 garbage-first heap   total 495616K, used 296348K [0x0000000080000000, 0x0000000100000000)
  region size 1024K, 3 young (3072K), 3 survivors (3072K)
 Metaspace       used 163811K, committed 165056K, reserved 1245184K
  class space    used 20991K, committed 21696K, reserved 1048576K
}
Event: 4543.725 GC heap before
{Heap before GC invocations=83 (full 0):
 garbage-first heap   total 495616K, used 451996K [0x0000000080000000, 0x0000000100000000)
  region size 1024K, 156 young (159744K), 3 survivors (3072K)
 Metaspace       used 163897K, committed 165184K, reserved 1245184K
  class space    used 21002K, committed 21696K, reserved 1048576K
}

