# JRE version: OpenJDK Runtime Environment (21.0.4) (build 21.0.4+-12508038-b607.1)
# Java VM: OpenJDK 64-Bit Server VM (21.0.4+-12508038-b607.1, mixed mode, tiered, compressed oops, compressed class ptrs, g1 gc, windows-amd64)
GC Precious Log:
 CardTable entry size: 512
 Card Set container configuration: InlinePtr #cards 5 size 8 Array Of Cards #cards 12 size 40 Howl #buckets 4 coarsen threshold 1843 Howl Bitmap #cards 512 size 80 coarsen threshold 460 Card regions per heap region 1 cards per card region 2048
 CPUs: 8 total, 8 available
 Memory: 16167M
 Large Page Support: Disabled
 NUMA Support: Disabled
 Compressed Oops: Enabled (32-bit)
 Heap Region Size: 1M
 Heap Min Capacity: 8M
 Heap Initial Capacity: 254M
 Heap Max Capacity: 2G
 Pre-touch: Disabled
 Parallel Workers: 8
 Concurrent Workers: 2
 Concurrent Refinement Workers: 8
 Periodic GC: Disabled
Heap:
 garbage-first heap   total 206848K, used 180670K [0x0000000080000000, 0x0000000100000000)
  region size 1024K, 81 young (82944K), 11 survivors (11264K)
 Metaspace       used 115312K, committed 117504K, reserved 1179648K
  class space    used 15590K, committed 16704K, reserved 1048576K
GC Heap History (20 events):
Event: 7.320 GC heap before
{Heap before GC invocations=21 (full 0):
 garbage-first heap   total 156672K, used 142319K [0x0000000080000000, 0x0000000100000000)
  region size 1024K, 72 young (73728K), 10 survivors (10240K)
 Metaspace       used 79587K, committed 81472K, reserved 1179648K
  class space    used 10666K, committed 11648K, reserved 1048576K
}
Event: 7.326 GC heap after
{Heap after GC invocations=22 (full 0):
 garbage-first heap   total 160768K, used 80083K [0x0000000080000000, 0x0000000100000000)
  region size 1024K, 6 young (6144K), 6 survivors (6144K)
 Metaspace       used 79587K, committed 81472K, reserved 1179648K
  class space    used 10666K, committed 11648K, reserved 1048576K
}
Event: 7.904 GC heap before
{Heap before GC invocations=22 (full 0):
 garbage-first heap   total 160768K, used 143571K [0x0000000080000000, 0x0000000100000000)
  region size 1024K, 68 young (69632K), 6 survivors (6144K)
 Metaspace       used 85659K, committed 87488K, reserved 1179648K
  class space    used 11418K, committed 12352K, reserved 1048576K
}
Event: 7.908 GC heap after
{Heap after GC invocations=23 (full 0):
 garbage-first heap   total 160768K, used 83025K [0x0000000080000000, 0x0000000100000000)
  region size 1024K, 4 young (4096K), 4 survivors (4096K)
 Metaspace       used 85659K, committed 87488K, reserved 1179648K
  class space    used 11418K, committed 12352K, reserved 1048576K
}
Event: 8.447 GC heap before
{Heap before GC invocations=24 (full 0):
 garbage-first heap   total 160768K, used 148561K [0x0000000080000000, 0x0000000100000000)
  region size 1024K, 65 young (66560K), 4 survivors (4096K)
 Metaspace       used 90092K, committed 91968K, reserved 1179648K
  class space    used 12037K, committed 12992K, reserved 1048576K
}
Event: 8.451 GC heap after
{Heap after GC invocations=25 (full 0):
 garbage-first heap   total 160768K, used 89634K [0x0000000080000000, 0x0000000100000000)
  region size 1024K, 7 young (7168K), 7 survivors (7168K)
 Metaspace       used 90092K, committed 91968K, reserved 1179648K
  class space    used 12037K, committed 12992K, reserved 1048576K
}
Event: 8.855 GC heap before
{Heap before GC invocations=25 (full 0):
 garbage-first heap   total 160768K, used 143906K [0x0000000080000000, 0x0000000100000000)
  region size 1024K, 60 young (61440K), 7 survivors (7168K)
 Metaspace       used 93151K, committed 95104K, reserved 1179648K
  class space    used 12443K, committed 13440K, reserved 1048576K
}
Event: 8.860 GC heap after
{Heap after GC invocations=26 (full 0):
 garbage-first heap   total 160768K, used 92840K [0x0000000080000000, 0x0000000100000000)
  region size 1024K, 8 young (8192K), 8 survivors (8192K)
 Metaspace       used 93151K, committed 95104K, reserved 1179648K
  class space    used 12443K, committed 13440K, reserved 1048576K
}
Event: 8.931 GC heap before
{Heap before GC invocations=26 (full 0):
 garbage-first heap   total 160768K, used 100008K [0x0000000080000000, 0x0000000100000000)
  region size 1024K, 16 young (16384K), 8 survivors (8192K)
 Metaspace       used 93737K, committed 95616K, reserved 1179648K
  class space    used 12519K, committed 13504K, reserved 1048576K
}
Event: 8.935 GC heap after
{Heap after GC invocations=27 (full 0):
 garbage-first heap   total 160768K, used 94166K [0x0000000080000000, 0x0000000100000000)
  region size 1024K, 2 young (2048K), 2 survivors (2048K)
 Metaspace       used 93737K, committed 95616K, reserved 1179648K
  class space    used 12519K, committed 13504K, reserved 1048576K
}
Event: 9.440 GC heap before
{Heap before GC invocations=28 (full 0):
 garbage-first heap   total 160768K, used 149462K [0x0000000080000000, 0x0000000100000000)
  region size 1024K, 55 young (56320K), 2 survivors (2048K)
 Metaspace       used 98034K, committed 99968K, reserved 1179648K
  class space    used 13281K, committed 14272K, reserved 1048576K
}
Event: 9.442 GC heap after
{Heap after GC invocations=29 (full 0):
 garbage-first heap   total 160768K, used 94815K [0x0000000080000000, 0x0000000100000000)
  region size 1024K, 3 young (3072K), 3 survivors (3072K)
 Metaspace       used 98034K, committed 99968K, reserved 1179648K
  class space    used 13281K, committed 14272K, reserved 1048576K
}
Event: 9.861 GC heap before
{Heap before GC invocations=29 (full 0):
 garbage-first heap   total 160768K, used 147039K [0x0000000080000000, 0x0000000100000000)
  region size 1024K, 54 young (55296K), 3 survivors (3072K)
 Metaspace       used 101701K, committed 103744K, reserved 1179648K
  class space    used 13800K, committed 14848K, reserved 1048576K
}
Event: 9.866 GC heap after
{Heap after GC invocations=30 (full 0):
 garbage-first heap   total 160768K, used 96684K [0x0000000080000000, 0x0000000100000000)
  region size 1024K, 5 young (5120K), 5 survivors (5120K)
 Metaspace       used 101701K, committed 103744K, reserved 1179648K
  class space    used 13800K, committed 14848K, reserved 1048576K
}
Event: 10.251 GC heap before
{Heap before GC invocations=30 (full 0):
 garbage-first heap   total 160768K, used 145836K [0x0000000080000000, 0x0000000100000000)
  region size 1024K, 53 young (54272K), 5 survivors (5120K)
 Metaspace       used 105664K, committed 107712K, reserved 1179648K
  class space    used 14401K, committed 15488K, reserved 1048576K
}
Event: 10.256 GC heap after
{Heap after GC invocations=31 (full 0):
 garbage-first heap   total 160768K, used 99260K [0x0000000080000000, 0x0000000100000000)
  region size 1024K, 6 young (6144K), 6 survivors (6144K)
 Metaspace       used 105664K, committed 107712K, reserved 1179648K
  class space    used 14401K, committed 15488K, reserved 1048576K
}
Event: 10.662 GC heap before
{Heap before GC invocations=32 (full 0):
 garbage-first heap   total 167936K, used 144316K [0x0000000080000000, 0x0000000100000000)
  region size 1024K, 50 young (51200K), 6 survivors (6144K)
 Metaspace       used 109149K, committed 111232K, reserved 1179648K
  class space    used 14878K, committed 15936K, reserved 1048576K
}
Event: 10.668 GC heap after
{Heap after GC invocations=33 (full 0):
 garbage-first heap   total 201728K, used 102676K [0x0000000080000000, 0x0000000100000000)
  region size 1024K, 6 young (6144K), 6 survivors (6144K)
 Metaspace       used 109149K, committed 111232K, reserved 1179648K
  class space    used 14878K, committed 15936K, reserved 1048576K
}
Event: 11.404 GC heap before
{Heap before GC invocations=33 (full 0):
 garbage-first heap   total 201728K, used 187668K [0x0000000080000000, 0x0000000100000000)
  region size 1024K, 85 young (87040K), 6 survivors (6144K)
 Metaspace       used 114433K, committed 116544K, reserved 1179648K
  class space    used 15447K, committed 16512K, reserved 1048576K
}
Event: 11.414 GC heap after
{Heap after GC invocations=34 (full 0):
 garbage-first heap   total 206848K, used 111038K [0x0000000080000000, 0x0000000100000000)
  region size 1024K, 11 young (11264K), 11 survivors (11264K)
 Metaspace       used 114433K, committed 116544K, reserved 1179648K
  class space    used 15447K, committed 16512K, reserved 1048576K
}

