# JRE version: OpenJDK Runtime Environment (21.0.4) (build 21.0.4+-12508038-b607.1)
# Java VM: OpenJDK 64-Bit Server VM (21.0.4+-12508038-b607.1, mixed mode, tiered, compressed oops, compressed class ptrs, g1 gc, windows-amd64)
GC Precious Log:
 CardTable entry size: 512
 Card Set container configuration: InlinePtr #cards 5 size 8 Array Of Cards #cards 12 size 40 Howl #buckets 4 coarsen threshold 1843 Howl Bitmap #cards 512 size 80 coarsen threshold 460 Card regions per heap region 1 cards per card region 2048
 CPUs: 8 total, 8 available
 Memory: 16167M
 Large Page Support: Disabled
 NUMA Support: Disabled
 Compressed Oops: Enabled (32-bit)
 Heap Region Size: 1M
 Heap Min Capacity: 8M
 Heap Initial Capacity: 254M
 Heap Max Capacity: 2G
 Pre-touch: Disabled
 Parallel Workers: 8
 Concurrent Workers: 2
 Concurrent Refinement Workers: 8
 Periodic GC: Disabled
Heap:
 garbage-first heap   total 201728K, used 130930K [0x0000000080000000, 0x0000000100000000)
  region size 1024K, 12 young (12288K), 7 survivors (7168K)
 Metaspace       used 133531K, committed 135936K, reserved 1179648K
  class space    used 18487K, committed 19712K, reserved 1048576K
GC Heap History (20 events):
Event: 9.486 GC heap before
{Heap before GC invocations=29 (full 0):
 garbage-first heap   total 147456K, used 135917K [0x0000000080000000, 0x0000000100000000)
  region size 1024K, 44 young (45056K), 3 survivors (3072K)
 Metaspace       used 97759K, committed 99712K, reserved 1179648K
  class space    used 13230K, committed 14208K, reserved 1048576K
}
Event: 9.489 GC heap after
{Heap after GC invocations=30 (full 0):
 garbage-first heap   total 177152K, used 94244K [0x0000000080000000, 0x0000000100000000)
  region size 1024K, 4 young (4096K), 4 survivors (4096K)
 Metaspace       used 97759K, committed 99712K, reserved 1179648K
  class space    used 13230K, committed 14208K, reserved 1048576K
}
Event: 10.036 GC heap before
{Heap before GC invocations=31 (full 0):
 garbage-first heap   total 177152K, used 156708K [0x0000000080000000, 0x0000000100000000)
  region size 1024K, 65 young (66560K), 4 survivors (4096K)
 Metaspace       used 102064K, committed 104064K, reserved 1179648K
  class space    used 13890K, committed 14912K, reserved 1048576K
}
Event: 10.040 GC heap after
{Heap after GC invocations=32 (full 0):
 garbage-first heap   total 177152K, used 97858K [0x0000000080000000, 0x0000000100000000)
  region size 1024K, 7 young (7168K), 7 survivors (7168K)
 Metaspace       used 102064K, committed 104064K, reserved 1179648K
  class space    used 13890K, committed 14912K, reserved 1048576K
}
Event: 10.585 GC heap before
{Heap before GC invocations=32 (full 0):
 garbage-first heap   total 177152K, used 159298K [0x0000000080000000, 0x0000000100000000)
  region size 1024K, 67 young (68608K), 7 survivors (7168K)
 Metaspace       used 107745K, committed 109888K, reserved 1179648K
  class space    used 14680K, committed 15744K, reserved 1048576K
}
Event: 10.591 GC heap after
{Heap after GC invocations=33 (full 0):
 garbage-first heap   total 177152K, used 99340K [0x0000000080000000, 0x0000000100000000)
  region size 1024K, 7 young (7168K), 7 survivors (7168K)
 Metaspace       used 107745K, committed 109888K, reserved 1179648K
  class space    used 14680K, committed 15744K, reserved 1048576K
}
Event: 11.046 GC heap before
{Heap before GC invocations=33 (full 0):
 garbage-first heap   total 177152K, used 157708K [0x0000000080000000, 0x0000000100000000)
  region size 1024K, 65 young (66560K), 7 survivors (7168K)
 Metaspace       used 111271K, committed 113344K, reserved 1179648K
  class space    used 15092K, committed 16128K, reserved 1048576K
}
Event: 11.055 GC heap after
{Heap after GC invocations=34 (full 0):
 garbage-first heap   total 177152K, used 106053K [0x0000000080000000, 0x0000000100000000)
  region size 1024K, 9 young (9216K), 9 survivors (9216K)
 Metaspace       used 111271K, committed 113344K, reserved 1179648K
  class space    used 15092K, committed 16128K, reserved 1048576K
}
Event: 11.579 GC heap before
{Heap before GC invocations=35 (full 0):
 garbage-first heap   total 186368K, used 161349K [0x0000000080000000, 0x0000000100000000)
  region size 1024K, 59 young (60416K), 9 survivors (9216K)
 Metaspace       used 114465K, committed 116608K, reserved 1179648K
  class space    used 15443K, committed 16512K, reserved 1048576K
}
Event: 11.587 GC heap after
{Heap after GC invocations=36 (full 0):
 garbage-first heap   total 186368K, used 112404K [0x0000000080000000, 0x0000000100000000)
  region size 1024K, 7 young (7168K), 7 survivors (7168K)
 Metaspace       used 114465K, committed 116608K, reserved 1179648K
  class space    used 15443K, committed 16512K, reserved 1048576K
}
Event: 11.910 GC heap before
{Heap before GC invocations=36 (full 0):
 garbage-first heap   total 186368K, used 166676K [0x0000000080000000, 0x0000000100000000)
  region size 1024K, 61 young (62464K), 7 survivors (7168K)
 Metaspace       used 115164K, committed 117376K, reserved 1179648K
  class space    used 15558K, committed 16704K, reserved 1048576K
}
Event: 11.917 GC heap after
{Heap after GC invocations=37 (full 0):
 garbage-first heap   total 186368K, used 114644K [0x0000000080000000, 0x0000000100000000)
  region size 1024K, 5 young (5120K), 5 survivors (5120K)
 Metaspace       used 115164K, committed 117376K, reserved 1179648K
  class space    used 15558K, committed 16704K, reserved 1048576K
}
Event: 12.443 GC heap before
{Heap before GC invocations=37 (full 0):
 garbage-first heap   total 186368K, used 168916K [0x0000000080000000, 0x0000000100000000)
  region size 1024K, 59 young (60416K), 5 survivors (5120K)
 Metaspace       used 118317K, committed 120512K, reserved 1179648K
  class space    used 15963K, committed 17088K, reserved 1048576K
}
Event: 12.449 GC heap after
{Heap after GC invocations=38 (full 0):
 garbage-first heap   total 186368K, used 119925K [0x0000000080000000, 0x0000000100000000)
  region size 1024K, 7 young (7168K), 7 survivors (7168K)
 Metaspace       used 118317K, committed 120512K, reserved 1179648K
  class space    used 15963K, committed 17088K, reserved 1048576K
}
Event: 12.732 GC heap before
{Heap before GC invocations=39 (full 0):
 garbage-first heap   total 201728K, used 166005K [0x0000000080000000, 0x0000000100000000)
  region size 1024K, 53 young (54272K), 7 survivors (7168K)
 Metaspace       used 119699K, committed 121920K, reserved 1179648K
  class space    used 16168K, committed 17280K, reserved 1048576K
}
Event: 12.739 GC heap after
{Heap after GC invocations=40 (full 0):
 garbage-first heap   total 201728K, used 123276K [0x0000000080000000, 0x0000000100000000)
  region size 1024K, 5 young (5120K), 5 survivors (5120K)
 Metaspace       used 119699K, committed 121920K, reserved 1179648K
  class space    used 16168K, committed 17280K, reserved 1048576K
}
Event: 14.979 GC heap before
{Heap before GC invocations=40 (full 0):
 garbage-first heap   total 201728K, used 182668K [0x0000000080000000, 0x0000000100000000)
  region size 1024K, 64 young (65536K), 5 survivors (5120K)
 Metaspace       used 125060K, committed 127424K, reserved 1179648K
  class space    used 16993K, committed 18176K, reserved 1048576K
}
Event: 14.986 GC heap after
{Heap after GC invocations=41 (full 0):
 garbage-first heap   total 201728K, used 124861K [0x0000000080000000, 0x0000000100000000)
  region size 1024K, 7 young (7168K), 7 survivors (7168K)
 Metaspace       used 125060K, committed 127424K, reserved 1179648K
  class space    used 16993K, committed 18176K, reserved 1048576K
}
Event: 15.225 GC heap before
{Heap before GC invocations=41 (full 0):
 garbage-first heap   total 201728K, used 182205K [0x0000000080000000, 0x0000000100000000)
  region size 1024K, 64 young (65536K), 7 survivors (7168K)
 Metaspace       used 132940K, committed 135296K, reserved 1179648K
  class space    used 18368K, committed 19584K, reserved 1048576K
}
Event: 15.232 GC heap after
{Heap after GC invocations=42 (full 0):
 garbage-first heap   total 201728K, used 127858K [0x0000000080000000, 0x0000000100000000)
  region size 1024K, 7 young (7168K), 7 survivors (7168K)
 Metaspace       used 132940K, committed 135296K, reserved 1179648K
  class space    used 18368K, committed 19584K, reserved 1048576K
}

