# JRE version: OpenJDK Runtime Environment (21.0.4) (build 21.0.4+-12508038-b607.1)
# Java VM: OpenJDK 64-Bit Server VM (21.0.4+-12508038-b607.1, mixed mode, tiered, compressed oops, compressed class ptrs, g1 gc, windows-amd64)
GC Precious Log:
 CardTable entry size: 512
 Card Set container configuration: InlinePtr #cards 5 size 8 Array Of Cards #cards 12 size 40 Howl #buckets 4 coarsen threshold 1843 Howl Bitmap #cards 512 size 80 coarsen threshold 460 Card regions per heap region 1 cards per card region 2048
 CPUs: 8 total, 8 available
 Memory: 16167M
 Large Page Support: Disabled
 NUMA Support: Disabled
 Compressed Oops: Enabled (32-bit)
 Heap Region Size: 1M
 Heap Min Capacity: 8M
 Heap Initial Capacity: 254M
 Heap Max Capacity: 2G
 Pre-touch: Disabled
 Parallel Workers: 8
 Concurrent Workers: 2
 Concurrent Refinement Workers: 8
 Periodic GC: Disabled
Heap:
 garbage-first heap   total 214016K, used 175203K [0x0000000080000000, 0x0000000100000000)
  region size 1024K, 52 young (53248K), 6 survivors (6144K)
 Metaspace       used 142900K, committed 145280K, reserved 1179648K
  class space    used 19719K, committed 20928K, reserved 1048576K
GC Heap History (20 events):
Event: 8.803 GC heap before
{Heap before GC invocations=23 (full 0):
 garbage-first heap   total 168960K, used 157107K [0x0000000080000000, 0x0000000100000000)
  region size 1024K, 71 young (72704K), 4 survivors (4096K)
 Metaspace       used 96408K, committed 98304K, reserved 1179648K
  class space    used 12861K, committed 13824K, reserved 1048576K
}
Event: 8.808 GC heap after
{Heap after GC invocations=24 (full 0):
 garbage-first heap   total 168960K, used 94350K [0x0000000080000000, 0x0000000100000000)
  region size 1024K, 9 young (9216K), 9 survivors (9216K)
 Metaspace       used 96408K, committed 98304K, reserved 1179648K
  class space    used 12861K, committed 13824K, reserved 1048576K
}
Event: 9.122 GC heap before
{Heap before GC invocations=24 (full 0):
 garbage-first heap   total 168960K, used 150670K [0x0000000080000000, 0x0000000100000000)
  region size 1024K, 63 young (64512K), 9 survivors (9216K)
 Metaspace       used 100694K, committed 102656K, reserved 1179648K
  class space    used 13460K, committed 14464K, reserved 1048576K
}
Event: 9.127 GC heap after
{Heap after GC invocations=25 (full 0):
 garbage-first heap   total 168960K, used 95475K [0x0000000080000000, 0x0000000100000000)
  region size 1024K, 3 young (3072K), 3 survivors (3072K)
 Metaspace       used 100694K, committed 102656K, reserved 1179648K
  class space    used 13460K, committed 14464K, reserved 1048576K
}
Event: 9.536 GC heap before
{Heap before GC invocations=25 (full 0):
 garbage-first heap   total 168960K, used 155891K [0x0000000080000000, 0x0000000100000000)
  region size 1024K, 62 young (63488K), 3 survivors (3072K)
 Metaspace       used 105431K, committed 107520K, reserved 1179648K
  class space    used 14257K, committed 15296K, reserved 1048576K
}
Event: 9.541 GC heap after
{Heap after GC invocations=26 (full 0):
 garbage-first heap   total 202752K, used 97558K [0x0000000080000000, 0x0000000100000000)
  region size 1024K, 5 young (5120K), 5 survivors (5120K)
 Metaspace       used 105431K, committed 107520K, reserved 1179648K
  class space    used 14257K, committed 15296K, reserved 1048576K
}
Event: 10.181 GC heap before
{Heap before GC invocations=27 (full 0):
 garbage-first heap   total 202752K, used 179478K [0x0000000080000000, 0x0000000100000000)
  region size 1024K, 85 young (87040K), 5 survivors (5120K)
 Metaspace       used 111301K, committed 113408K, reserved 1179648K
  class space    used 15187K, committed 16256K, reserved 1048576K
}
Event: 10.186 GC heap after
{Heap after GC invocations=28 (full 0):
 garbage-first heap   total 202752K, used 102204K [0x0000000080000000, 0x0000000100000000)
  region size 1024K, 9 young (9216K), 9 survivors (9216K)
 Metaspace       used 111301K, committed 113408K, reserved 1179648K
  class space    used 15187K, committed 16256K, reserved 1048576K
}
Event: 10.838 GC heap before
{Heap before GC invocations=28 (full 0):
 garbage-first heap   total 202752K, used 186172K [0x0000000080000000, 0x0000000100000000)
  region size 1024K, 87 young (89088K), 9 survivors (9216K)
 Metaspace       used 117881K, committed 120000K, reserved 1179648K
  class space    used 15855K, committed 16896K, reserved 1048576K
}
Event: 10.848 GC heap after
{Heap after GC invocations=29 (full 0):
 garbage-first heap   total 204800K, used 107989K [0x0000000080000000, 0x0000000100000000)
  region size 1024K, 11 young (11264K), 11 survivors (11264K)
 Metaspace       used 117881K, committed 120000K, reserved 1179648K
  class space    used 15855K, committed 16896K, reserved 1048576K
}
Event: 11.447 GC heap before
{Heap before GC invocations=29 (full 0):
 garbage-first heap   total 204800K, used 181717K [0x0000000080000000, 0x0000000100000000)
  region size 1024K, 84 young (86016K), 11 survivors (11264K)
 Metaspace       used 120641K, committed 122816K, reserved 1179648K
  class space    used 16275K, committed 17344K, reserved 1048576K
}
Event: 11.457 GC heap after
{Heap after GC invocations=30 (full 0):
 garbage-first heap   total 204800K, used 116474K [0x0000000080000000, 0x0000000100000000)
  region size 1024K, 8 young (8192K), 8 survivors (8192K)
 Metaspace       used 120641K, committed 122816K, reserved 1179648K
  class space    used 16275K, committed 17344K, reserved 1048576K
}
Event: 11.988 GC heap before
{Heap before GC invocations=31 (full 0):
 garbage-first heap   total 204800K, used 185082K [0x0000000080000000, 0x0000000100000000)
  region size 1024K, 76 young (77824K), 8 survivors (8192K)
 Metaspace       used 123169K, committed 125312K, reserved 1179648K
  class space    used 16603K, committed 17728K, reserved 1048576K
}
Event: 11.997 GC heap after
{Heap after GC invocations=32 (full 0):
 garbage-first heap   total 204800K, used 121670K [0x0000000080000000, 0x0000000100000000)
  region size 1024K, 7 young (7168K), 7 survivors (7168K)
 Metaspace       used 123169K, committed 125312K, reserved 1179648K
  class space    used 16603K, committed 17728K, reserved 1048576K
}
Event: 12.814 GC heap before
{Heap before GC invocations=32 (full 0):
 garbage-first heap   total 204800K, used 186182K [0x0000000080000000, 0x0000000100000000)
  region size 1024K, 71 young (72704K), 7 survivors (7168K)
 Metaspace       used 125403K, committed 127680K, reserved 1179648K
  class space    used 16937K, committed 18112K, reserved 1048576K
}
Event: 12.821 GC heap after
{Heap after GC invocations=33 (full 0):
 garbage-first heap   total 204800K, used 124478K [0x0000000080000000, 0x0000000100000000)
  region size 1024K, 6 young (6144K), 6 survivors (6144K)
 Metaspace       used 125403K, committed 127680K, reserved 1179648K
  class space    used 16937K, committed 18112K, reserved 1048576K
}
Event: 19.977 GC heap before
{Heap before GC invocations=33 (full 0):
 garbage-first heap   total 204800K, used 186942K [0x0000000080000000, 0x0000000100000000)
  region size 1024K, 68 young (69632K), 6 survivors (6144K)
 Metaspace       used 131904K, committed 134144K, reserved 1179648K
  class space    used 17921K, committed 19072K, reserved 1048576K
}
Event: 19.982 GC heap after
{Heap after GC invocations=34 (full 0):
 garbage-first heap   total 204800K, used 127301K [0x0000000080000000, 0x0000000100000000)
  region size 1024K, 4 young (4096K), 4 survivors (4096K)
 Metaspace       used 131904K, committed 134144K, reserved 1179648K
  class space    used 17921K, committed 19072K, reserved 1048576K
}
Event: 20.512 GC heap before
{Heap before GC invocations=35 (full 0):
 garbage-first heap   total 214016K, used 187717K [0x0000000080000000, 0x0000000100000000)
  region size 1024K, 64 young (65536K), 4 survivors (4096K)
 Metaspace       used 140180K, committed 142528K, reserved 1179648K
  class space    used 19313K, committed 20480K, reserved 1048576K
}
Event: 20.517 GC heap after
{Heap after GC invocations=36 (full 0):
 garbage-first heap   total 214016K, used 129123K [0x0000000080000000, 0x0000000100000000)
  region size 1024K, 6 young (6144K), 6 survivors (6144K)
 Metaspace       used 140180K, committed 142528K, reserved 1179648K
  class space    used 19313K, committed 20480K, reserved 1048576K
}

